Determining if the pthread_create exist failed with the following output:
Change Dir: /home/leo/Desktop/code/cmake-build-debug/CMakeFiles/CMakeTmp

Run Build Command(s):/usr/bin/make cmTC_79731/fast 
/usr/bin/make -f CMakeFiles/cmTC_79731.dir/build.make CMakeFiles/cmTC_79731.dir/build
make[1]: Entering directory '/home/leo/Desktop/code/cmake-build-debug/CMakeFiles/CMakeTmp'
Building C object CMakeFiles/cmTC_79731.dir/CheckSymbolExists.c.o
/usr/bin/cc    -o CMakeFiles/cmTC_79731.dir/CheckSymbolExists.c.o   -c /home/leo/Desktop/code/cmake-build-debug/CMakeFiles/CMakeTmp/CheckSymbolExists.c
Linking C executable cmTC_79731
/opt/clion-2019.1.2/bin/cmake/linux/bin/cmake -E cmake_link_script CMakeFiles/cmTC_79731.dir/link.txt --verbose=1
/usr/bin/cc      CMakeFiles/cmTC_79731.dir/CheckSymbolExists.c.o  -o cmTC_79731 
CMakeFiles/cmTC_79731.dir/CheckSymbolExists.c.o: In function `main':
CheckSymbolExists.c:(.text+0x1b): undefined reference to `pthread_create'
collect2: error: ld returned 1 exit status
CMakeFiles/cmTC_79731.dir/build.make:86: recipe for target 'cmTC_79731' failed
make[1]: *** [cmTC_79731] Error 1
make[1]: Leaving directory '/home/leo/Desktop/code/cmake-build-debug/CMakeFiles/CMakeTmp'
Makefile:121: recipe for target 'cmTC_79731/fast' failed
make: *** [cmTC_79731/fast] Error 2

File /home/leo/Desktop/code/cmake-build-debug/CMakeFiles/CMakeTmp/CheckSymbolExists.c:
/* */
#include <pthread.h>

int main(int argc, char** argv)
{
  (void)argv;
#ifndef pthread_create
  return ((int*)(&pthread_create))[argc];
#else
  (void)argc;
  return 0;
#endif
}

Determining if the function pthread_create exists in the pthreads failed with the following output:
Change Dir: /home/leo/Desktop/code/cmake-build-debug/CMakeFiles/CMakeTmp

Run Build Command(s):/usr/bin/make cmTC_c6a2f/fast 
/usr/bin/make -f CMakeFiles/cmTC_c6a2f.dir/build.make CMakeFiles/cmTC_c6a2f.dir/build
make[1]: Entering directory '/home/leo/Desktop/code/cmake-build-debug/CMakeFiles/CMakeTmp'
Building C object CMakeFiles/cmTC_c6a2f.dir/CheckFunctionExists.c.o
/usr/bin/cc   -DCHECK_FUNCTION_EXISTS=pthread_create   -o CMakeFiles/cmTC_c6a2f.dir/CheckFunctionExists.c.o   -c /opt/clion-2019.1.2/bin/cmake/linux/share/cmake-3.14/Modules/CheckFunctionExists.c
Linking C executable cmTC_c6a2f
/opt/clion-2019.1.2/bin/cmake/linux/bin/cmake -E cmake_link_script CMakeFiles/cmTC_c6a2f.dir/link.txt --verbose=1
/usr/bin/cc  -DCHECK_FUNCTION_EXISTS=pthread_create    CMakeFiles/cmTC_c6a2f.dir/CheckFunctionExists.c.o  -o cmTC_c6a2f -lpthreads 
/usr/bin/ld: cannot find -lpthreads
collect2: error: ld returned 1 exit status
CMakeFiles/cmTC_c6a2f.dir/build.make:86: recipe for target 'cmTC_c6a2f' failed
make[1]: *** [cmTC_c6a2f] Error 1
make[1]: Leaving directory '/home/leo/Desktop/code/cmake-build-debug/CMakeFiles/CMakeTmp'
Makefile:121: recipe for target 'cmTC_c6a2f/fast' failed
make: *** [cmTC_c6a2f/fast] Error 2


